<?xml version="1.0" encoding="UTF-8"?>
<!-- Generated by org.testng.reporters.JUnitReportReporter -->
<testsuite hostname="DESKTOP-0N88LAP" failures="0" tests="1" name="com.qa.apitesting.TC_002_GET" time="5.818" errors="0" timestamp="2021-02-18T14:06:42 IST" skipped="0">
  <testcase classname="com.qa.apitesting.TC_002_GET" name="test_01" time="5.818"/>
  <system-out/>
</testsuite> <!-- com.qa.apitesting.TC_002_GET -->
