<?xml version="1.0" encoding="UTF-8"?>
<!-- Generated by org.testng.reporters.JUnitReportReporter -->
<testsuite hostname="DESKTOP-0N88LAP" failures="0" tests="1" name="com.qa.apitesting.TC_005_PATCH" time="6.005" errors="0" timestamp="2021-02-19T00:41:11 IST" skipped="0">
  <testcase classname="com.qa.apitesting.TC_005_PATCH" name="test_01" time="6.005"/>
  <system-out/>
</testsuite> <!-- com.qa.apitesting.TC_005_PATCH -->
