<?xml version="1.0" encoding="UTF-8"?>
<!-- Generated by org.testng.reporters.JUnitReportReporter -->
<testsuite hostname="DESKTOP-0N88LAP" failures="0" tests="5" name="com.qa.apitesting.TC_DDT_Example2" time="6.743" errors="0" timestamp="2021-02-21T00:02:24 IST" skipped="0">
  <testcase classname="com.qa.apitesting.TC_DDT_Example2" name="test_02" time="0.523"/>
  <system-out/>
  <testcase classname="com.qa.apitesting.TC_DDT_Example2" name="test_02" time="0.584"/>
  <system-out/>
  <testcase classname="com.qa.apitesting.TC_DDT_Example2" name="test_01" time="0.516"/>
  <system-out/>
  <testcase classname="com.qa.apitesting.TC_DDT_Example2" name="test_02" time="0.521"/>
  <system-out/>
  <testcase classname="com.qa.apitesting.TC_DDT_Example2" name="test_01" time="4.599"/>
  <system-out/>
</testsuite> <!-- com.qa.apitesting.TC_DDT_Example2 -->
