<?xml version="1.0" encoding="UTF-8"?>
<!-- Generated by org.testng.reporters.JUnitReportReporter -->
<testsuite hostname="DESKTOP-0N88LAP" failures="0" tests="2" name="com.qa.apitesting.TC_003_POST" time="4.965" errors="0" timestamp="2021-02-19T00:09:15 IST" skipped="0">
  <testcase classname="com.qa.apitesting.TC_003_POST" name="test_01" time="0.024"/>
  <system-out/>
  <testcase classname="com.qa.apitesting.TC_003_POST" name="test_02" time="4.941"/>
  <system-out/>
</testsuite> <!-- com.qa.apitesting.TC_003_POST -->
