<?xml version="1.0" encoding="UTF-8"?>
<!-- Generated by org.testng.reporters.JUnitReportReporter -->
<testsuite hostname="DESKTOP-0N88LAP" failures="0" tests="1" name="com.qa.apitesting.TC_006_DELETE" time="5.011" errors="0" timestamp="2021-02-19T00:46:52 IST" skipped="0">
  <testcase classname="com.qa.apitesting.TC_006_DELETE" name="test_01" time="5.011"/>
  <system-out/>
</testsuite> <!-- com.qa.apitesting.TC_006_DELETE -->
