<?xml version="1.0" encoding="UTF-8"?>
<!-- Generated by org.testng.reporters.JUnitReportReporter -->
<testsuite hostname="DESKTOP-0N88LAP" failures="0" tests="5" name="com.qa.apitesting.TC_DDT_Different_Class" time="7.474" errors="0" timestamp="2021-02-21T00:22:55 IST" skipped="0">
  <testcase classname="com.qa.apitesting.TC_DDT_Different_Class" name="test_01" time="0.582"/>
  <system-out/>
  <testcase classname="com.qa.apitesting.TC_DDT_Different_Class" name="test_02" time="0.943"/>
  <system-out/>
  <testcase classname="com.qa.apitesting.TC_DDT_Different_Class" name="test_02" time="0.494"/>
  <system-out/>
  <testcase classname="com.qa.apitesting.TC_DDT_Different_Class" name="test_02" time="0.491"/>
  <system-out/>
  <testcase classname="com.qa.apitesting.TC_DDT_Different_Class" name="test_01" time="4.964"/>
  <system-out/>
</testsuite> <!-- com.qa.apitesting.TC_DDT_Different_Class -->
