<?xml version="1.0" encoding="UTF-8"?>
<!-- Generated by org.testng.reporters.JUnitReportReporter -->
<testsuite hostname="DESKTOP-0N88LAP" failures="0" tests="1" name="com.qa.apitesting.TC_004_PUT" time="4.856" errors="0" timestamp="2021-02-19T00:30:20 IST" skipped="0">
  <testcase classname="com.qa.apitesting.TC_004_PUT" name="test_01" time="4.856"/>
  <system-out/>
</testsuite> <!-- com.qa.apitesting.TC_004_PUT -->
