<?xml version="1.0" encoding="UTF-8"?>
<!-- Generated by org.testng.reporters.JUnitReportReporter -->
<testsuite hostname="DESKTOP-0N88LAP" failures="0" tests="2" name="com.qa.apitesting.TC_DDT_Example" time="4.846" errors="0" timestamp="2021-02-20T23:54:55 IST" skipped="0">
  <testcase classname="com.qa.apitesting.TC_DDT_Example" name="test_01" time="0.545"/>
  <system-out/>
  <testcase classname="com.qa.apitesting.TC_DDT_Example" name="test_01" time="4.301"/>
  <system-out/>
</testsuite> <!-- com.qa.apitesting.TC_DDT_Example -->
